<?xml version="1.0" encoding="UTF-8"?>
<testng-results skipped="0" failed="1" ignored="0" total="3" passed="2">
  <reporter-output>
  </reporter-output>
  <suite name="Suite" duration-ms="82944" started-at="2018-08-13T03:44:19Z" finished-at="2018-08-13T03:45:42Z">
    <groups>
    </groups>
    <test name="Test" duration-ms="82944" started-at="2018-08-13T03:44:19Z" finished-at="2018-08-13T03:45:42Z">
      <class name="Scripts.Wishlist">
        <test-method status="PASS" signature="openapp()[pri:0, instance:Scripts.Wishlist@7d70d1b1]" name="openapp" is-config="true" duration-ms="17713" started-at="2018-08-13T03:44:43Z" finished-at="2018-08-13T03:45:00Z">
          <reporter-output>
          </reporter-output>
        </test-method> <!-- openapp -->
        <test-method status="PASS" signature="Wishlisttestcase()[pri:0, instance:Scripts.Wishlist@7d70d1b1]" name="Wishlisttestcase" duration-ms="11319" started-at="2018-08-13T03:45:00Z" finished-at="2018-08-13T03:45:12Z">
          <reporter-output>
          </reporter-output>
        </test-method> <!-- Wishlisttestcase -->
        <test-method status="PASS" signature="closeapp(org.testng.ITestResult)[pri:0, instance:Scripts.Wishlist@7d70d1b1]" name="closeapp" is-config="true" duration-ms="379" started-at="2018-08-13T03:45:12Z" finished-at="2018-08-13T03:45:12Z">
          <params>
            <param index="0">
              <value>
                <![CDATA[[TestResult name=Wishlisttestcase status=SUCCESS method=Wishlist.Wishlisttestcase()[pri:0, instance:Scripts.Wishlist@7d70d1b1] output={null}]]]>
              </value>
            </param>
          </params>
          <reporter-output>
          </reporter-output>
        </test-method> <!-- closeapp -->
      </class> <!-- Scripts.Wishlist -->
      <class name="Scripts.Validlogin">
        <test-method status="PASS" signature="openapp()[pri:0, instance:Scripts.Validlogin@2a742aa2]" name="openapp" is-config="true" duration-ms="16604" started-at="2018-08-13T03:45:12Z" finished-at="2018-08-13T03:45:29Z">
          <reporter-output>
          </reporter-output>
        </test-method> <!-- openapp -->
        <test-method status="FAIL" signature="validlogintestcase()[pri:0, instance:Scripts.Validlogin@2a742aa2]" name="validlogintestcase" duration-ms="10364" started-at="2018-08-13T03:45:29Z" finished-at="2018-08-13T03:45:39Z">
          <exception class="org.openqa.selenium.ElementNotVisibleException">
            <message>
              <![CDATA[element not visible
  (Session info: chrome=68.0.3440.106)
  (Driver info: chromedriver=2.41.578737 (49da6702b16031c40d63e5618de03a32ff6c197e),platform=Windows NT 10.0.16299 x86_64) (WARNING: The server did not provide any stacktrace information)
Command duration or timeout: 0 milliseconds
Build info: version: '3.13.0', revision: '2f0d292', time: '2018-06-25T15:32:19.891Z'
System info: host: 'DESKTOP-SI8V6HG', ip: '192.168.177.1', os.name: 'Windows 10', os.arch: 'amd64', os.version: '10.0', java.version: '1.8.0_162'
Driver info: org.openqa.selenium.chrome.ChromeDriver
Capabilities {acceptInsecureCerts: false, acceptSslCerts: false, applicationCacheEnabled: false, browserConnectionEnabled: false, browserName: chrome, chrome: {chromedriverVersion: 2.41.578737 (49da6702b16031..., userDataDir: C:\Users\FACULT~1\AppData\L...}, cssSelectorsEnabled: true, databaseEnabled: false, goog:chromeOptions: {debuggerAddress: localhost:60759}, handlesAlerts: true, hasTouchScreen: false, javascriptEnabled: true, locationContextEnabled: true, mobileEmulationEnabled: false, nativeEvents: true, networkConnectionEnabled: false, pageLoadStrategy: normal, platform: XP, platformName: XP, rotatable: false, setWindowRect: true, takesHeapSnapshot: true, takesScreenshot: true, unexpectedAlertBehaviour: , unhandledPromptBehavior: , version: 68.0.3440.106, webStorageEnabled: true}
Session ID: 5643cceb90c9ddedacdb8748e3077406]]>
            </message>
            <full-stacktrace>
              <![CDATA[org.openqa.selenium.ElementNotVisibleException: element not visible
  (Session info: chrome=68.0.3440.106)
  (Driver info: chromedriver=2.41.578737 (49da6702b16031c40d63e5618de03a32ff6c197e),platform=Windows NT 10.0.16299 x86_64) (WARNING: The server did not provide any stacktrace information)
Command duration or timeout: 0 milliseconds
Build info: version: '3.13.0', revision: '2f0d292', time: '2018-06-25T15:32:19.891Z'
System info: host: 'DESKTOP-SI8V6HG', ip: '192.168.177.1', os.name: 'Windows 10', os.arch: 'amd64', os.version: '10.0', java.version: '1.8.0_162'
Driver info: org.openqa.selenium.chrome.ChromeDriver
Capabilities {acceptInsecureCerts: false, acceptSslCerts: false, applicationCacheEnabled: false, browserConnectionEnabled: false, browserName: chrome, chrome: {chromedriverVersion: 2.41.578737 (49da6702b16031..., userDataDir: C:\Users\FACULT~1\AppData\L...}, cssSelectorsEnabled: true, databaseEnabled: false, goog:chromeOptions: {debuggerAddress: localhost:60759}, handlesAlerts: true, hasTouchScreen: false, javascriptEnabled: true, locationContextEnabled: true, mobileEmulationEnabled: false, nativeEvents: true, networkConnectionEnabled: false, pageLoadStrategy: normal, platform: XP, platformName: XP, rotatable: false, setWindowRect: true, takesHeapSnapshot: true, takesScreenshot: true, unexpectedAlertBehaviour: , unhandledPromptBehavior: , version: 68.0.3440.106, webStorageEnabled: true}
Session ID: 5643cceb90c9ddedacdb8748e3077406
at sun.reflect.NativeConstructorAccessorImpl.newInstance0(Native Method)
at sun.reflect.NativeConstructorAccessorImpl.newInstance(NativeConstructorAccessorImpl.java:62)
at sun.reflect.DelegatingConstructorAccessorImpl.newInstance(DelegatingConstructorAccessorImpl.java:45)
at java.lang.reflect.Constructor.newInstance(Constructor.java:423)
at org.openqa.selenium.remote.ErrorHandler.createThrowable(ErrorHandler.java:214)
at org.openqa.selenium.remote.ErrorHandler.throwIfResponseFailed(ErrorHandler.java:166)
at org.openqa.selenium.remote.http.JsonHttpResponseCodec.reconstructValue(JsonHttpResponseCodec.java:40)
at org.openqa.selenium.remote.http.AbstractHttpResponseCodec.decode(AbstractHttpResponseCodec.java:80)
at org.openqa.selenium.remote.http.AbstractHttpResponseCodec.decode(AbstractHttpResponseCodec.java:44)
at org.openqa.selenium.remote.HttpCommandExecutor.execute(HttpCommandExecutor.java:158)
at org.openqa.selenium.remote.service.DriverCommandExecutor.execute(DriverCommandExecutor.java:83)
at org.openqa.selenium.remote.RemoteWebDriver.execute(RemoteWebDriver.java:548)
at org.openqa.selenium.remote.RemoteWebElement.execute(RemoteWebElement.java:276)
at org.openqa.selenium.remote.RemoteWebElement.click(RemoteWebElement.java:83)
at sun.reflect.NativeMethodAccessorImpl.invoke0(Native Method)
at sun.reflect.NativeMethodAccessorImpl.invoke(NativeMethodAccessorImpl.java:62)
at sun.reflect.DelegatingMethodAccessorImpl.invoke(DelegatingMethodAccessorImpl.java:43)
at java.lang.reflect.Method.invoke(Method.java:498)
at org.openqa.selenium.support.pagefactory.internal.LocatingElementHandler.invoke(LocatingElementHandler.java:51)
at com.sun.proxy.$Proxy9.click(Unknown Source)
at Pom.Detailspage.closebtn(Detailspage.java:28)
at Scripts.Validlogin.validlogintestcase(Validlogin.java:32)
at sun.reflect.NativeMethodAccessorImpl.invoke0(Native Method)
at sun.reflect.NativeMethodAccessorImpl.invoke(NativeMethodAccessorImpl.java:62)
at sun.reflect.DelegatingMethodAccessorImpl.invoke(DelegatingMethodAccessorImpl.java:43)
at java.lang.reflect.Method.invoke(Method.java:498)
at org.testng.internal.MethodInvocationHelper.invokeMethod(MethodInvocationHelper.java:124)
at org.testng.internal.Invoker.invokeMethod(Invoker.java:580)
at org.testng.internal.Invoker.invokeTestMethod(Invoker.java:716)
at org.testng.internal.Invoker.invokeTestMethods(Invoker.java:988)
at org.testng.internal.TestMethodWorker.invokeTestMethods(TestMethodWorker.java:125)
at org.testng.internal.TestMethodWorker.run(TestMethodWorker.java:109)
at org.testng.TestRunner.privateRun(TestRunner.java:648)
at org.testng.TestRunner.run(TestRunner.java:505)
at org.testng.SuiteRunner.runTest(SuiteRunner.java:455)
at org.testng.SuiteRunner.runSequentially(SuiteRunner.java:450)
at org.testng.SuiteRunner.privateRun(SuiteRunner.java:415)
at org.testng.SuiteRunner.run(SuiteRunner.java:364)
at org.testng.SuiteRunnerWorker.runSuite(SuiteRunnerWorker.java:52)
at org.testng.SuiteRunnerWorker.run(SuiteRunnerWorker.java:84)
at org.testng.TestNG.runSuitesSequentially(TestNG.java:1208)
at org.testng.TestNG.runSuitesLocally(TestNG.java:1137)
at org.testng.TestNG.runSuites(TestNG.java:1049)
at org.testng.TestNG.run(TestNG.java:1017)
at org.testng.remote.AbstractRemoteTestNG.run(AbstractRemoteTestNG.java:114)
at org.testng.remote.RemoteTestNG.initAndRun(RemoteTestNG.java:251)
at org.testng.remote.RemoteTestNG.main(RemoteTestNG.java:77)
]]>
            </full-stacktrace>
          </exception> <!-- org.openqa.selenium.ElementNotVisibleException -->
          <reporter-output>
          </reporter-output>
        </test-method> <!-- validlogintestcase -->
        <test-method status="PASS" signature="closeapp(org.testng.ITestResult)[pri:0, instance:Scripts.Validlogin@2a742aa2]" name="closeapp" is-config="true" duration-ms="2814" started-at="2018-08-13T03:45:39Z" finished-at="2018-08-13T03:45:42Z">
          <params>
            <param index="0">
              <value>
                <![CDATA[[TestResult name=validlogintestcase status=FAILURE method=Validlogin.validlogintestcase()[pri:0, instance:Scripts.Validlogin@2a742aa2] output={null}]]]>
              </value>
            </param>
          </params>
          <reporter-output>
          </reporter-output>
        </test-method> <!-- closeapp -->
      </class> <!-- Scripts.Validlogin -->
      <class name="Scripts.Invalidlogin">
        <test-method status="PASS" signature="openapp()[pri:0, instance:Scripts.Invalidlogin@2a556333]" name="openapp" is-config="true" duration-ms="17755" started-at="2018-08-13T03:44:19Z" finished-at="2018-08-13T03:44:37Z">
          <reporter-output>
          </reporter-output>
        </test-method> <!-- openapp -->
        <test-method status="PASS" signature="invalidtestcase()[pri:0, instance:Scripts.Invalidlogin@2a556333]" name="invalidtestcase" duration-ms="5549" started-at="2018-08-13T03:44:37Z" finished-at="2018-08-13T03:44:42Z">
          <reporter-output>
          </reporter-output>
        </test-method> <!-- invalidtestcase -->
        <test-method status="PASS" signature="closeapp(org.testng.ITestResult)[pri:0, instance:Scripts.Invalidlogin@2a556333]" name="closeapp" is-config="true" duration-ms="377" started-at="2018-08-13T03:44:42Z" finished-at="2018-08-13T03:44:43Z">
          <params>
            <param index="0">
              <value>
                <![CDATA[[TestResult name=invalidtestcase status=SUCCESS method=Invalidlogin.invalidtestcase()[pri:0, instance:Scripts.Invalidlogin@2a556333] output={null}]]]>
              </value>
            </param>
          </params>
          <reporter-output>
          </reporter-output>
        </test-method> <!-- closeapp -->
      </class> <!-- Scripts.Invalidlogin -->
    </test> <!-- Test -->
  </suite> <!-- Suite -->
</testng-results>
